TN:
SF:Operaciones.js
FN:5,sumar
FN:9,restar
FN:13,dividir
FN:16,multiplicar
FN:19,raiz_cuadrada
FN:22,potencia
FNF:6
FNH:6
FNDA:1,sumar
FNDA:1,restar
FNDA:1,dividir
FNDA:1,multiplicar
FNDA:1,raiz_cuadrada
FNDA:1,potencia
DA:1,1
DA:2,1
DA:3,1
DA:4,1
DA:5,1
DA:6,1
DA:7,1
DA:8,1
DA:9,1
DA:10,1
DA:11,1
DA:12,1
DA:13,1
DA:14,1
DA:15,1
DA:16,1
DA:17,1
DA:18,1
DA:19,1
DA:20,1
DA:21,1
DA:22,1
DA:23,1
DA:24,1
DA:25,1
DA:26,1
DA:27,1
LF:27
LH:27
BRDA:5,0,0,1
BRDA:9,1,0,1
BRDA:13,2,0,1
BRDA:16,3,0,1
BRDA:19,4,0,1
BRDA:22,5,0,1
BRF:6
BRH:6
end_of_record
