TN:
SF:Operaciones.js
FN:2,sumar
FN:6,restar
FN:10,dividir
FN:13,multiplicar
FNF:4
FNH:4
FNDA:1,sumar
FNDA:1,restar
FNDA:1,dividir
FNDA:1,multiplicar
DA:1,1
DA:2,1
DA:3,1
DA:4,1
DA:5,1
DA:6,1
DA:7,1
DA:8,1
DA:9,1
DA:10,1
DA:11,1
DA:12,1
DA:13,1
DA:14,1
DA:15,1
DA:16,1
LF:16
LH:16
BRDA:2,0,0,1
BRDA:6,1,0,1
BRDA:10,2,0,1
BRDA:13,3,0,1
BRF:4
BRH:4
end_of_record
TN:
SF:Pantalla.js
FN:3,Pantalla
FN:19,computar
FN:27,agregarNumero
FN:33,imprimirValores
FN:38,calcular
FNF:5
FNH:3
FNDA:1,Pantalla
FNDA:0,computar
FNDA:1,agregarNumero
FNDA:1,imprimirValores
FNDA:0,calcular
DA:1,1
DA:2,1
DA:3,1
DA:4,1
DA:5,1
DA:6,1
DA:7,1
DA:8,1
DA:9,1
DA:10,1
DA:11,1
DA:12,1
DA:13,1
DA:14,1
DA:15,1
DA:16,1
DA:17,1
DA:18,1
DA:19,1
DA:20,0
DA:21,0
DA:22,0
DA:23,0
DA:24,0
DA:25,0
DA:26,1
DA:27,1
DA:28,1
DA:29,1
DA:30,1
DA:31,1
DA:32,1
DA:33,1
DA:34,1
DA:35,1
DA:36,1
DA:37,1
DA:38,1
DA:39,0
DA:40,0
DA:41,0
DA:42,0
DA:43,0
DA:44,0
DA:45,1
LF:45
LH:33
BRDA:3,0,0,1
BRDA:27,1,0,1
BRDA:28,2,0,0
BRDA:28,3,0,0
BRDA:33,4,0,1
BRDA:35,5,0,0
BRF:6
BRH:3
end_of_record
